2018-08-23 11:55:21.129 [http-nio-8080-exec-5] DEBUG com.sitric.dashboard.service.DashboardService - Requesting weather forecast for Москва
2018-08-23 11:55:21.483 [http-nio-8080-exec-5] DEBUG com.sitric.dashboard.service.DashboardService - Requested weather forecast for Москва was successfully executed
2018-08-23 11:55:21.484 [http-nio-8080-exec-5] DEBUG com.sitric.dashboard.service.DashboardService - Requesting for exchange rates
2018-08-23 11:55:21.730 [http-nio-8080-exec-5] DEBUG com.sitric.dashboard.service.DashboardService - Requested exchange rates was successfully executed
2018-08-23 11:55:21.732 [http-nio-8080-exec-5] DEBUG com.sitric.dashboard.service.DashboardService - Determine the number of visits to the site
2018-08-23 11:55:21.797 [http-nio-8080-exec-5] DEBUG com.sitric.dashboard.service.DashboardService - Number of visits to the site successfully determined
2018-08-23 11:55:21.797 [http-nio-8080-exec-5] DEBUG com.sitric.dashboard.service.DashboardService - Trying to get actual date and time
2018-08-23 11:55:21.799 [http-nio-8080-exec-5] DEBUG com.sitric.dashboard.service.DashboardService - Requesting for remote IP address
2018-08-23 11:55:22.106 [http-nio-8080-exec-5] DEBUG com.sitric.dashboard.service.DashboardService - Remote IP address successfully determined
2018-08-23 11:56:20.521 [http-nio-8080-exec-1] DEBUG com.sitric.dashboard.service.DashboardService - Requesting for exchange rates
2018-08-23 11:56:20.673 [http-nio-8080-exec-1] DEBUG com.sitric.dashboard.service.DashboardService - Requested exchange rates was successfully executed
2018-08-23 11:56:22.709 [http-nio-8080-exec-3] DEBUG com.sitric.dashboard.service.DashboardService - Requesting weather forecast for Москва
2018-08-23 11:56:22.954 [http-nio-8080-exec-3] DEBUG com.sitric.dashboard.service.DashboardService - Requested weather forecast for Москва was successfully executed
2018-08-23 11:56:25.224 [http-nio-8080-exec-7] DEBUG com.sitric.dashboard.service.DashboardService - Requesting weather forecast for Каир (Египет)
2018-08-23 11:56:25.303 [http-nio-8080-exec-7] DEBUG com.sitric.dashboard.service.DashboardService - Requested weather forecast for Каир (Египет) was successfully executed
2018-08-23 11:56:31.450 [http-nio-8080-exec-8] DEBUG com.sitric.dashboard.service.DashboardService - Requesting weather forecast for Москва
2018-08-23 11:56:31.673 [http-nio-8080-exec-8] DEBUG com.sitric.dashboard.service.DashboardService - Requested weather forecast for Москва was successfully executed
2018-08-23 11:56:33.447 [http-nio-8080-exec-3] DEBUG com.sitric.dashboard.service.DashboardService - Requesting weather forecast for Москва
2018-08-23 11:56:33.527 [http-nio-8080-exec-3] DEBUG com.sitric.dashboard.service.DashboardService - Requested weather forecast for Москва was successfully executed
2018-08-23 11:56:33.527 [http-nio-8080-exec-3] DEBUG com.sitric.dashboard.service.DashboardService - Requesting for exchange rates
2018-08-23 11:56:34.028 [http-nio-8080-exec-3] DEBUG com.sitric.dashboard.service.DashboardService - Requested exchange rates was successfully executed
2018-08-23 11:56:34.029 [http-nio-8080-exec-3] DEBUG com.sitric.dashboard.service.DashboardService - Determine the number of visits to the site
2018-08-23 11:56:34.036 [http-nio-8080-exec-3] DEBUG com.sitric.dashboard.service.DashboardService - Number of visits to the site successfully determined
2018-08-23 11:56:34.038 [http-nio-8080-exec-3] DEBUG com.sitric.dashboard.service.DashboardService - Trying to get actual date and time
2018-08-23 11:56:34.043 [http-nio-8080-exec-3] DEBUG com.sitric.dashboard.service.DashboardService - Requesting for remote IP address
2018-08-23 11:56:34.353 [http-nio-8080-exec-3] DEBUG com.sitric.dashboard.service.DashboardService - Remote IP address successfully determined
